[debug] [2026-06-28T21:08:14.991Z] ----------------------------------------------------------------------
[debug] [2026-06-28T21:08:14.993Z] Command:       C:\Program Files\nodejs\node.exe C:\Users\arman_u5omxhq\AppData\Roaming\npm\node_modules\firebase-tools\lib\bin\firebase.js deploy --only hosting
[debug] [2026-06-28T21:08:14.993Z] CLI Version:   15.17.0
[debug] [2026-06-28T21:08:14.993Z] Platform:      win32
[debug] [2026-06-28T21:08:14.993Z] Node Version:  v24.15.0
[debug] [2026-06-28T21:08:14.994Z] Time:          Sun Jun 28 2026 17:08:14 GMT-0400 (hora de Venezuela)
[debug] [2026-06-28T21:08:14.994Z] ----------------------------------------------------------------------
[debug] 
[debug] [2026-06-28T21:08:16.684Z] > command requires scopes: ["email","openid","https://www.googleapis.com/auth/cloudplatformprojects.readonly","https://www.googleapis.com/auth/firebase","https://www.googleapis.com/auth/cloud-platform"]
[debug] [2026-06-28T21:08:16.684Z] > authorizing via signed-in user (ftsaevc@gmail.com)
[debug] [2026-06-28T21:08:16.684Z] [iam] checking project losdogguies for permissions ["firebase.projects.get","firebasehosting.sites.update"]
[debug] [2026-06-28T21:08:16.685Z] Checked if tokens are valid: true, expires at: 1782683948554
[debug] [2026-06-28T21:08:16.685Z] Checked if tokens are valid: true, expires at: 1782683948554
[debug] [2026-06-28T21:08:16.686Z] >>> [apiv2][query] POST https://cloudresourcemanager.googleapis.com/v1/projects/losdogguies:testIamPermissions [none]
[debug] [2026-06-28T21:08:16.686Z] >>> [apiv2][(partial)header] POST https://cloudresourcemanager.googleapis.com/v1/projects/losdogguies:testIamPermissions  x-goog-user-project=losdogguies
[debug] [2026-06-28T21:08:16.686Z] >>> [apiv2][body] POST https://cloudresourcemanager.googleapis.com/v1/projects/losdogguies:testIamPermissions {"permissions":["firebase.projects.get","firebasehosting.sites.update"]}
[debug] [2026-06-28T21:08:28.307Z] *** [apiv2] error from fetch(https://cloudresourcemanager.googleapis.com/v1/projects/losdogguies:testIamPermissions, {"headers":{},"method":"POST","body":"{\"permissions\":[\"firebase.projects.get\",\"firebasehosting.sites.update\"]}"}): FetchError: request to https://cloudresourcemanager.googleapis.com/v1/projects/losdogguies:testIamPermissions failed, reason: getaddrinfo ENOTFOUND cloudresourcemanager.googleapis.com
[debug] [2026-06-28T21:08:28.308Z] [iam] error while checking permissions, command may fail: Failed to make request to https://cloudresourcemanager.googleapis.com/v1/projects/losdogguies:testIamPermissions
[debug] [2026-06-28T21:08:28.308Z] Checked if tokens are valid: true, expires at: 1782683948554
[debug] [2026-06-28T21:08:28.308Z] Checked if tokens are valid: true, expires at: 1782683948554
[debug] [2026-06-28T21:08:28.308Z] >>> [apiv2][query] GET https://firebase.googleapis.com/v1beta1/projects/losdogguies [none]
[debug] [2026-06-28T21:08:39.926Z] *** [apiv2] error from fetch(https://firebase.googleapis.com/v1beta1/projects/losdogguies, {"headers":{},"method":"GET","signal":{"reason":""}}): FetchError: request to https://firebase.googleapis.com/v1beta1/projects/losdogguies failed, reason: getaddrinfo ENOTFOUND firebase.googleapis.com
[debug] [2026-06-28T21:08:39.926Z] Failed to make request to https://firebase.googleapis.com/v1beta1/projects/losdogguies (original: request to https://firebase.googleapis.com/v1beta1/projects/losdogguies failed, reason: getaddrinfo ENOTFOUND firebase.googleapis.com)
[error] 
[error] Error: Assertion failed: resolving hosting target of a site with no site name or target name. This should have caused an error earlier
